[0910/064521.107:ERROR:process_memory_win.cc(73)] ReadMemory at 0x22f58312680 of 6656 bytes failed: Only part of a ReadProcessMemory or WriteProcessMemory request was completed. (0x12B)
[0910/064521.112:ERROR:process_snapshot_win.cc(322)] failed to read unloaded module data
[0910/064521.118:ERROR:process_memory_win.cc(73)] ReadMemory at 0x22f58300880 of 72 bytes failed: Only part of a ReadProcessMemory or WriteProcessMemory request was completed. (0x12B)
[0910/064521.118:WARNING:pe_image_annotations_reader.cc(135)] could not read annotations list object in C:\Program Files (x86)\Google\Chrome\Application\85.0.4183.83\chrome_elf.dll
[0910/064521.119:ERROR:process_memory_win.cc(73)] ReadMemory at 0x22f5833a820 of 72 bytes failed: Only part of a ReadProcessMemory or WriteProcessMemory request was completed. (0x12B)
[0910/064521.120:WARNING:pe_image_annotations_reader.cc(135)] could not read annotations list object in C:\Program Files (x86)\Google\Chrome\Application\85.0.4183.83\chrome.dll
[0910/064521.186:ERROR:process_memory_win.cc(73)] ReadMemory at 0x7ff7b2260000 of 64 bytes failed: Only part of a ReadProcessMemory or WriteProcessMemory request was completed. (0x12B)
[0910/064521.186:WARNING:pe_image_reader.cc(340)] could not read dos header from C:\Program Files (x86)\Google\Chrome\Application\chrome.exe
[0910/064521.186:ERROR:process_memory_win.cc(73)] ReadMemory at 0x7ffe8e020000 of 64 bytes failed: Only part of a ReadProcessMemory or WriteProcessMemory request was completed. (0x12B)
[0910/064521.186:WARNING:pe_image_reader.cc(340)] could not read dos header from C:\WINDOWS\SYSTEM32\ntdll.dll
[0910/064521.186:ERROR:process_memory_win.cc(73)] ReadMemory at 0x7ffe8d000000 of 64 bytes failed: Only part of a ReadProcessMemory or WriteProcessMemory request was completed. (0x12B)
[0910/064521.187:WARNING:pe_image_reader.cc(340)] could not read dos header from C:\WINDOWS\System32\KERNEL32.DLL
[0910/064521.187:ERROR:process_memory_win.cc(73)] ReadMemory at 0x7ffe8b990000 of 64 bytes failed: Only part of a ReadProcessMemory or WriteProcessMemory request was completed. (0x12B)
[0910/064521.187:WARNING:pe_image_reader.cc(340)] could not read dos header from C:\WINDOWS\System32\KERNELBASE.dll
[0910/064521.187:ERROR:process_memory_win.cc(73)] ReadMemory at 0x7ffe79570000 of 64 bytes failed: Only part of a ReadProcessMemory or WriteProcessMemory request was completed. (0x12B)
[0910/064521.187:WARNING:pe_image_reader.cc(340)] could not read dos header from C:\Program Files (x86)\Google\Chrome\Application\85.0.4183.83\chrome_elf.dll
[0910/064521.187:ERROR:process_memory_win.cc(73)] ReadMemory at 0x7ffe80660000 of 64 bytes failed: Only part of a ReadProcessMemory or WriteProcessMemory request was completed. (0x12B)
[0910/064521.187:WARNING:pe_image_reader.cc(340)] could not read dos header from C:\WINDOWS\SYSTEM32\VERSION.dll
[0910/064521.187:ERROR:process_memory_win.cc(73)] ReadMemory at 0x7ffe8cf60000 of 64 bytes failed: Only part of a ReadProcessMemory or WriteProcessMemory request was completed. (0x12B)
[0910/064521.187:WARNING:pe_image_reader.cc(340)] could not read dos header from C:\WINDOWS\System32\msvcrt.dll
[0910/064521.187:ERROR:process_memory_win.cc(73)] ReadMemory at 0x7ffe8bc40000 of 64 bytes failed: Only part of a ReadProcessMemory or WriteProcessMemory request was completed. (0x12B)
[0910/064521.187:WARNING:pe_image_reader.cc(340)] could not read dos header from C:\WINDOWS\System32\bcryptPrimitives.dll
[0910/064521.187:ERROR:process_memory_win.cc(73)] ReadMemory at 0x7ffe8df30000 of 64 bytes failed: Only part of a ReadProcessMemory or WriteProcessMemory request was completed. (0x12B)
[0910/064521.187:WARNING:pe_image_reader.cc(340)] could not read dos header from C:\WINDOWS\System32\ADVAPI32.dll
[0910/064521.187:ERROR:process_memory_win.cc(73)] ReadMemory at 0x7ffe8c240000 of 64 bytes failed: Only part of a ReadProcessMemory or WriteProcessMemory request was completed. (0x12B)
[0910/064521.187:WARNING:pe_image_reader.cc(340)] could not read dos header from C:\WINDOWS\System32\sechost.dll
[0910/064521.187:ERROR:process_memory_win.cc(73)] ReadMemory at 0x7ffe8cc40000 of 64 bytes failed: Only part of a ReadProcessMemory or WriteProcessMemory request was completed. (0x12B)
[0910/064521.187:WARNING:pe_image_reader.cc(340)] could not read dos header from C:\WINDOWS\System32\RPCRT4.dll
[0910/064521.188:ERROR:process_memory_win.cc(73)] ReadMemory at 0x7ffe34850000 of 64 bytes failed: Only part of a ReadProcessMemory or WriteProcessMemory request was completed. (0x12B)
[0910/064521.188:WARNING:pe_image_reader.cc(340)] could not read dos header from C:\Program Files (x86)\Google\Chrome\Application\85.0.4183.83\chrome.dll
[0910/064521.188:ERROR:process_memory_win.cc(73)] ReadMemory at 0x7ffe8cbd0000 of 64 bytes failed: Only part of a ReadProcessMemory or WriteProcessMemory request was completed. (0x12B)
[0910/064521.188:WARNING:pe_image_reader.cc(340)] could not read dos header from C:\WINDOWS\System32\WS2_32.dll
[0910/064521.188:ERROR:process_memory_win.cc(73)] ReadMemory at 0x7ffe8ca80000 of 64 bytes failed: Only part of a ReadProcessMemory or WriteProcessMemory request was completed. (0x12B)
[0910/064521.188:WARNING:pe_image_reader.cc(340)] could not read dos header from C:\WINDOWS\System32\OLEAUT32.dll
[0910/064521.188:ERROR:process_memory_win.cc(73)] ReadMemory at 0x7ffe8bce0000 of 64 bytes failed: Only part of a ReadProcessMemory or WriteProcessMemory request was completed. (0x12B)
[0910/064521.188:WARNING:pe_image_reader.cc(340)] could not read dos header from C:\WINDOWS\System32\msvcp_win.dll
[0910/064521.188:ERROR:process_memory_win.cc(73)] ReadMemory at 0x7ffe8bfd0000 of 64 bytes failed: Only part of a ReadProcessMemory or WriteProcessMemory request was completed. (0x12B)
[0910/064521.188:WARNING:pe_image_reader.cc(340)] could not read dos header from C:\WINDOWS\System32\ucrtbase.dll
[0910/064521.188:ERROR:process_memory_win.cc(73)] ReadMemory at 0x7ffe8d120000 of 64 bytes failed: Only part of a ReadProcessMemory or WriteProcessMemory request was completed. (0x12B)
[0910/064521.188:WARNING:pe_image_reader.cc(340)] could not read dos header from C:\WINDOWS\System32\combase.dll
[0910/064521.188:ERROR:process_memory_win.cc(73)] ReadMemory at 0x7ffe8b050000 of 64 bytes failed: Only part of a ReadProcessMemory or WriteProcessMemory request was completed. (0x12B)
[0910/064521.188:WARNING:pe_image_reader.cc(340)] could not read dos header from C:\WINDOWS\System32\WINTRUST.dll
[0910/064521.188:ERROR:process_memory_win.cc(73)] ReadMemory at 0x7ffe8af60000 of 64 bytes failed: Only part of a ReadProcessMemory or WriteProcessMemory request was completed. (0x12B)
[0910/064521.188:WARNING:pe_image_reader.cc(340)] could not read dos header from C:\WINDOWS\System32\MSASN1.dll
[0910/064521.189:ERROR:process_memory_win.cc(73)] ReadMemory at 0x7ffe8b840000 of 64 bytes failed: Only part of a ReadProcessMemory or WriteProcessMemory request was completed. (0x12B)
[0910/064521.189:WARNING:pe_image_reader.cc(340)] could not read dos header from C:\WINDOWS\System32\CRYPT32.dll
[0910/064521.189:ERROR:process_memory_win.cc(73)] ReadMemory at 0x7ffe8a400000 of 64 bytes failed: Only part of a ReadProcessMemory or WriteProcessMemory request was completed. (0x12B)
[0910/064521.189:WARNING:pe_image_reader.cc(340)] could not read dos header from C:\WINDOWS\SYSTEM32\IPHLPAPI.DLL
[0910/064521.189:ERROR:process_memory_win.cc(73)] ReadMemory at 0x7ffe88270000 of 64 bytes failed: Only part of a ReadProcessMemory or WriteProcessMemory request was completed. (0x12B)
[0910/064521.189:WARNING:pe_image_reader.cc(340)] could not read dos header from C:\WINDOWS\SYSTEM32\WINMM.dll
[0910/064521.189:ERROR:process_memory_win.cc(73)] ReadMemory at 0x7ffe53f90000 of 64 bytes failed: Only part of a ReadProcessMemory or WriteProcessMemory request was completed. (0x12B)
[0910/064521.190:WARNING:pe_image_reader.cc(340)] could not read dos header from C:\WINDOWS\SYSTEM32\UIAutomationCore.DLL
[0910/064521.190:ERROR:process_memory_win.cc(73)] ReadMemory at 0x7ffe73390000 of 64 bytes failed: Only part of a ReadProcessMemory or WriteProcessMemory request was completed. (0x12B)
[0910/064521.190:WARNING:pe_image_reader.cc(340)] could not read dos header from C:\WINDOWS\SYSTEM32\Secur32.dll
[0910/064521.190:ERROR:process_memory_win.cc(73)] ReadMemory at 0x7ffe8adc0000 of 64 bytes failed: Only part of a ReadProcessMemory or WriteProcessMemory request was completed. (0x12B)
[0910/064521.190:WARNING:pe_image_reader.cc(340)] could not read dos header from C:\WINDOWS\SYSTEM32\USERENV.dll
[0910/064521.190:ERROR:process_memory_win.cc(73)] ReadMemory at 0x7ffe8af30000 of 64 bytes failed: Only part of a ReadProcessMemory or WriteProcessMemory request was completed. (0x12B)
[0910/064521.190:WARNING:pe_image_reader.cc(340)] could not read dos header from C:\WINDOWS\System32\profapi.dll
[0910/064521.190:ERROR:process_memory_win.cc(73)] ReadMemory at 0x7ffe5fda0000 of 64 bytes failed: Only part of a ReadProcessMemory or WriteProcessMemory request was completed. (0x12B)
[0910/064521.190:WARNING:pe_image_reader.cc(340)] could not read dos header from C:\WINDOWS\SYSTEM32\DWrite.dll
[0910/064521.190:ERROR:process_memory_win.cc(73)] ReadMemory at 0x7ffe78190000 of 64 bytes failed: Only part of a ReadProcessMemory or WriteProcessMemory request was completed. (0x12B)
[0910/064521.190:WARNING:pe_image_reader.cc(340)] could not read dos header from C:\WINDOWS\SYSTEM32\WINSPOOL.DRV
[0910/064521.190:ERROR:process_memory_win.cc(73)] ReadMemory at 0x7ffe8af80000 of 64 bytes failed: Only part of a ReadProcessMemory or WriteProcessMemory request was completed. (0x12B)
[0910/064521.190:WARNING:pe_image_reader.cc(340)] could not read dos header from C:\WINDOWS\System32\kernel.appcore.dll
[0910/064521.191:ERROR:process_memory_win.cc(73)] ReadMemory at 0x7ffe8bd80000 of 64 bytes failed: Only part of a ReadProcessMemory or WriteProcessMemory request was completed. (0x12B)
[0910/064521.191:WARNING:pe_image_reader.cc(340)] could not read dos header from C:\WINDOWS\System32\bcrypt.dll
[0910/064521.191:ERROR:process_memory_win.cc(73)] ReadMemory at 0x7ffe89a10000 of 64 bytes failed: Only part of a ReadProcessMemory or WriteProcessMemory request was completed. (0x12B)
[0910/064521.191:WARNING:pe_image_reader.cc(340)] could not read dos header from C:\WINDOWS\SYSTEM32\dbghelp.dll
[0910/064521.191:ERROR:process_memory_win.cc(73)] ReadMemory at 0x7ffe77420000 of 64 bytes failed: Only part of a ReadProcessMemory or WriteProcessMemory request was completed. (0x12B)
[0910/064521.191:WARNING:pe_image_reader.cc(340)] could not read dos header from C:\WINDOWS\SYSTEM32\WINHTTP.dll
[0910/064521.191:ERROR:process_memory_win.cc(73)] ReadMemory at 0x7ffe81790000 of 64 bytes failed: Only part of a ReadProcessMemory or WriteProcessMemory request was completed. (0x12B)
[0910/064521.191:WARNING:pe_image_reader.cc(340)] could not read dos header from C:\WINDOWS\SYSTEM32\dhcpcsvc.DLL
[0910/064521.191:ERROR:process_memory_win.cc(73)] ReadMemory at 0x7ffe8cf50000 of 64 bytes failed: Only part of a ReadProcessMemory or WriteProcessMemory request was completed. (0x12B)
[0910/064521.191:WARNING:pe_image_reader.cc(340)] could not read dos header from C:\WINDOWS\System32\NSI.dll
[0910/064521.191:ERROR:process_memory_win.cc(73)] ReadMemory at 0x7ffe88240000 of 64 bytes failed: Only part of a ReadProcessMemory or WriteProcessMemory request was completed. (0x12B)
[0910/064521.191:WARNING:pe_image_reader.cc(340)] could not read dos header from C:\WINDOWS\SYSTEM32\WINMMBASE.dll
[0910/064521.191:ERROR:process_memory_win.cc(73)] ReadMemory at 0x7ffe8bf80000 of 64 bytes failed: Only part of a ReadProcessMemory or WriteProcessMemory request was completed. (0x12B)
[0910/064521.191:WARNING:pe_image_reader.cc(340)] could not read dos header from C:\WINDOWS\System32\cfgmgr32.dll
[0910/064521.192:ERROR:process_memory_win.cc(73)] ReadMemory at 0x7ffe888c0000 of 64 bytes failed: Only part of a ReadProcessMemory or WriteProcessMemory request was completed. (0x12B)
[0910/064521.192:WARNING:pe_image_reader.cc(340)] could not read dos header from C:\WINDOWS\SYSTEM32\PROPSYS.dll
[0910/064521.193:ERROR:process_memory_win.cc(73)] ReadMemory at 0x7ffe8cd60000 of 64 bytes failed: Only part of a ReadProcessMemory or WriteProcessMemory request was completed. (0x12B)
[0910/064521.193:WARNING:pe_image_reader.cc(340)] could not read dos header from C:\WINDOWS\System32\shcore.dll
[0910/064521.193:ERROR:process_memory_win.cc(73)] ReadMemory at 0x7ffe8adf0000 of 64 bytes failed: Only part of a ReadProcessMemory or WriteProcessMemory request was completed. (0x12B)
[0910/064521.193:WARNING:pe_image_reader.cc(340)] could not read dos header from C:\WINDOWS\SYSTEM32\SSPICLI.DLL
[0910/064521.193:ERROR:process_memory_win.cc(73)] ReadMemory at 0x7ffe8a860000 of 64 bytes failed: Only part of a ReadProcessMemory or WriteProcessMemory request was completed. (0x12B)
[0910/064521.193:WARNING:pe_image_reader.cc(340)] could not read dos header from C:\WINDOWS\SYSTEM32\CRYPTBASE.DLL
[0910/064521.199:ERROR:process_memory_win.cc(73)] ReadMemory at 0x7ff7b2260000 of 64 bytes failed: Only part of a ReadProcessMemory or WriteProcessMemory request was completed. (0x12B)
[0910/064521.199:WARNING:pe_image_reader.cc(340)] could not read dos header from C:\Program Files (x86)\Google\Chrome\Application\chrome.exe
[0910/064521.199:ERROR:process_memory_win.cc(73)] ReadMemory at 0x7ffe8e020000 of 64 bytes failed: Only part of a ReadProcessMemory or WriteProcessMemory request was completed. (0x12B)
[0910/064521.199:WARNING:pe_image_reader.cc(340)] could not read dos header from C:\WINDOWS\SYSTEM32\ntdll.dll
[0910/064521.199:ERROR:process_memory_win.cc(73)] ReadMemory at 0x7ffe8d000000 of 64 bytes failed: Only part of a ReadProcessMemory or WriteProcessMemory request was completed. (0x12B)
[0910/064521.199:WARNING:pe_image_reader.cc(340)] could not read dos header from C:\WINDOWS\System32\KERNEL32.DLL
[0910/064521.199:ERROR:process_memory_win.cc(73)] ReadMemory at 0x7ffe8b990000 of 64 bytes failed: Only part of a ReadProcessMemory or WriteProcessMemory request was completed. (0x12B)
[0910/064521.199:WARNING:pe_image_reader.cc(340)] could not read dos header from C:\WINDOWS\System32\KERNELBASE.dll
[0910/064521.199:ERROR:process_memory_win.cc(73)] ReadMemory at 0x7ffe79570000 of 64 bytes failed: Only part of a ReadProcessMemory or WriteProcessMemory request was completed. (0x12B)
[0910/064521.200:WARNING:pe_image_reader.cc(340)] could not read dos header from C:\Program Files (x86)\Google\Chrome\Application\85.0.4183.83\chrome_elf.dll
[0910/064521.200:ERROR:process_memory_win.cc(73)] ReadMemory at 0x7ffe80660000 of 64 bytes failed: Only part of a ReadProcessMemory or WriteProcessMemory request was completed. (0x12B)
[0910/064521.200:WARNING:pe_image_reader.cc(340)] could not read dos header from C:\WINDOWS\SYSTEM32\VERSION.dll
[0910/064521.200:ERROR:process_memory_win.cc(73)] ReadMemory at 0x7ffe8cf60000 of 64 bytes failed: Only part of a ReadProcessMemory or WriteProcessMemory request was completed. (0x12B)
[0910/064521.200:WARNING:pe_image_reader.cc(340)] could not read dos header from C:\WINDOWS\System32\msvcrt.dll
[0910/064521.200:ERROR:process_memory_win.cc(73)] ReadMemory at 0x7ffe8bc40000 of 64 bytes failed: Only part of a ReadProcessMemory or WriteProcessMemory request was completed. (0x12B)
[0910/064521.200:WARNING:pe_image_reader.cc(340)] could not read dos header from C:\WINDOWS\System32\bcryptPrimitives.dll
[0910/064521.200:ERROR:process_memory_win.cc(73)] ReadMemory at 0x7ffe8df30000 of 64 bytes failed: Only part of a ReadProcessMemory or WriteProcessMemory request was completed. (0x12B)
[0910/064521.200:WARNING:pe_image_reader.cc(340)] could not read dos header from C:\WINDOWS\System32\ADVAPI32.dll
[0910/064521.200:ERROR:process_memory_win.cc(73)] ReadMemory at 0x7ffe8c240000 of 64 bytes failed: Only part of a ReadProcessMemory or WriteProcessMemory request was completed. (0x12B)
[0910/064521.200:WARNING:pe_image_reader.cc(340)] could not read dos header from C:\WINDOWS\System32\sechost.dll
[0910/064521.201:ERROR:process_memory_win.cc(73)] ReadMemory at 0x7ffe8cc40000 of 64 bytes failed: Only part of a ReadProcessMemory or WriteProcessMemory request was completed. (0x12B)
[0910/064521.201:WARNING:pe_image_reader.cc(340)] could not read dos header from C:\WINDOWS\System32\RPCRT4.dll
[0910/064521.201:ERROR:process_memory_win.cc(73)] ReadMemory at 0x7ffe34850000 of 64 bytes failed: Only part of a ReadProcessMemory or WriteProcessMemory request was completed. (0x12B)
[0910/064521.201:WARNING:pe_image_reader.cc(340)] could not read dos header from C:\Program Files (x86)\Google\Chrome\Application\85.0.4183.83\chrome.dll
[0910/064521.201:ERROR:process_memory_win.cc(73)] ReadMemory at 0x7ffe8cbd0000 of 64 bytes failed: Only part of a ReadProcessMemory or WriteProcessMemory request was completed. (0x12B)
[0910/064521.201:WARNING:pe_image_reader.cc(340)] could not read dos header from C:\WINDOWS\System32\WS2_32.dll
[0910/064521.201:ERROR:process_memory_win.cc(73)] ReadMemory at 0x7ffe8ca80000 of 64 bytes failed: Only part of a ReadProcessMemory or WriteProcessMemory request was completed. (0x12B)
[0910/064521.201:WARNING:pe_image_reader.cc(340)] could not read dos header from C:\WINDOWS\System32\OLEAUT32.dll
[0910/064521.201:ERROR:process_memory_win.cc(73)] ReadMemory at 0x7ffe8bce0000 of 64 bytes failed: Only part of a ReadProcessMemory or WriteProcessMemory request was completed. (0x12B)
[0910/064521.201:WARNING:pe_image_reader.cc(340)] could not read dos header from C:\WINDOWS\System32\msvcp_win.dll
[0910/064521.201:ERROR:process_memory_win.cc(73)] ReadMemory at 0x7ffe8bfd0000 of 64 bytes failed: Only part of a ReadProcessMemory or WriteProcessMemory request was completed. (0x12B)
[0910/064521.201:WARNING:pe_image_reader.cc(340)] could not read dos header from C:\WINDOWS\System32\ucrtbase.dll
[0910/064521.202:ERROR:process_memory_win.cc(73)] ReadMemory at 0x7ffe8d120000 of 64 bytes failed: Only part of a ReadProcessMemory or WriteProcessMemory request was completed. (0x12B)
[0910/064521.202:WARNING:pe_image_reader.cc(340)] could not read dos header from C:\WINDOWS\System32\combase.dll
[0910/064521.202:ERROR:process_memory_win.cc(73)] ReadMemory at 0x7ffe8b050000 of 64 bytes failed: Only part of a ReadProcessMemory or WriteProcessMemory request was completed. (0x12B)
[0910/064521.202:WARNING:pe_image_reader.cc(340)] could not read dos header from C:\WINDOWS\System32\WINTRUST.dll
[0910/064521.202:ERROR:process_memory_win.cc(73)] ReadMemory at 0x7ffe8af60000 of 64 bytes failed: Only part of a ReadProcessMemory or WriteProcessMemory request was completed. (0x12B)
[0910/064521.202:WARNING:pe_image_reader.cc(340)] could not read dos header from C:\WINDOWS\System32\MSASN1.dll
[0910/064521.202:ERROR:process_memory_win.cc(73)] ReadMemory at 0x7ffe8b840000 of 64 bytes failed: Only part of a ReadProcessMemory or WriteProcessMemory request was completed. (0x12B)
[0910/064521.202:WARNING:pe_image_reader.cc(340)] could not read dos header from C:\WINDOWS\System32\CRYPT32.dll
[0910/064521.202:ERROR:process_memory_win.cc(73)] ReadMemory at 0x7ffe8a400000 of 64 bytes failed: Only part of a ReadProcessMemory or WriteProcessMemory request was completed. (0x12B)
[0910/064521.202:WARNING:pe_image_reader.cc(340)] could not read dos header from C:\WINDOWS\SYSTEM32\IPHLPAPI.DLL
[0910/064521.202:ERROR:process_memory_win.cc(73)] ReadMemory at 0x7ffe88270000 of 64 bytes failed: Only part of a ReadProcessMemory or WriteProcessMemory request was completed. (0x12B)
[0910/064521.202:WARNING:pe_image_reader.cc(340)] could not read dos header from C:\WINDOWS\SYSTEM32\WINMM.dll
[0910/064521.203:ERROR:process_memory_win.cc(73)] ReadMemory at 0x7ffe53f90000 of 64 bytes failed: Only part of a ReadProcessMemory or WriteProcessMemory request was completed. (0x12B)
[0910/064521.203:WARNING:pe_image_reader.cc(340)] could not read dos header from C:\WINDOWS\SYSTEM32\UIAutomationCore.DLL
[0910/064521.203:ERROR:process_memory_win.cc(73)] ReadMemory at 0x7ffe73390000 of 64 bytes failed: Only part of a ReadProcessMemory or WriteProcessMemory request was completed. (0x12B)
[0910/064521.204:WARNING:pe_image_reader.cc(340)] could not read dos header from C:\WINDOWS\SYSTEM32\Secur32.dll
[0910/064521.204:ERROR:process_memory_win.cc(73)] ReadMemory at 0x7ffe8adc0000 of 64 bytes failed: Only part of a ReadProcessMemory or WriteProcessMemory request was completed. (0x12B)
[0910/064521.204:WARNING:pe_image_reader.cc(340)] could not read dos header from C:\WINDOWS\SYSTEM32\USERENV.dll
[0910/064521.204:ERROR:process_memory_win.cc(73)] ReadMemory at 0x7ffe8af30000 of 64 bytes failed: Only part of a ReadProcessMemory or WriteProcessMemory request was completed. (0x12B)
[0910/064521.204:WARNING:pe_image_reader.cc(340)] could not read dos header from C:\WINDOWS\System32\profapi.dll
[0910/064521.204:ERROR:process_memory_win.cc(73)] ReadMemory at 0x7ffe5fda0000 of 64 bytes failed: Only part of a ReadProcessMemory or WriteProcessMemory request was completed. (0x12B)
[0910/064521.204:WARNING:pe_image_reader.cc(340)] could not read dos header from C:\WINDOWS\SYSTEM32\DWrite.dll
[0910/064521.204:ERROR:process_memory_win.cc(73)] ReadMemory at 0x7ffe78190000 of 64 bytes failed: Only part of a ReadProcessMemory or WriteProcessMemory request was completed. (0x12B)
[0910/064521.204:WARNING:pe_image_reader.cc(340)] could not read dos header from C:\WINDOWS\SYSTEM32\WINSPOOL.DRV
[0910/064521.204:ERROR:process_memory_win.cc(73)] ReadMemory at 0x7ffe8af80000 of 64 bytes failed: Only part of a ReadProcessMemory or WriteProcessMemory request was completed. (0x12B)
[0910/064521.204:WARNING:pe_image_reader.cc(340)] could not read dos header from C:\WINDOWS\System32\kernel.appcore.dll
[0910/064521.204:ERROR:process_memory_win.cc(73)] ReadMemory at 0x7ffe8bd80000 of 64 bytes failed: Only part of a ReadProcessMemory or WriteProcessMemory request was completed. (0x12B)
[0910/064521.204:WARNING:pe_image_reader.cc(340)] could not read dos header from C:\WINDOWS\System32\bcrypt.dll
[0910/064521.204:ERROR:process_memory_win.cc(73)] ReadMemory at 0x7ffe89a10000 of 64 bytes failed: Only part of a ReadProcessMemory or WriteProcessMemory request was completed. (0x12B)
[0910/064521.204:WARNING:pe_image_reader.cc(340)] could not read dos header from C:\WINDOWS\SYSTEM32\dbghelp.dll
[0910/064521.204:ERROR:process_memory_win.cc(73)] ReadMemory at 0x7ffe77420000 of 64 bytes failed: Only part of a ReadProcessMemory or WriteProcessMemory request was completed. (0x12B)
[0910/064521.205:WARNING:pe_image_reader.cc(340)] could not read dos header from C:\WINDOWS\SYSTEM32\WINHTTP.dll
[0910/064521.205:ERROR:process_memory_win.cc(73)] ReadMemory at 0x7ffe81790000 of 64 bytes failed: Only part of a ReadProcessMemory or WriteProcessMemory request was completed. (0x12B)
[0910/064521.205:WARNING:pe_image_reader.cc(340)] could not read dos header from C:\WINDOWS\SYSTEM32\dhcpcsvc.DLL
[0910/064521.205:ERROR:process_memory_win.cc(73)] ReadMemory at 0x7ffe8cf50000 of 64 bytes failed: Only part of a ReadProcessMemory or WriteProcessMemory request was completed. (0x12B)
[0910/064521.205:WARNING:pe_image_reader.cc(340)] could not read dos header from C:\WINDOWS\System32\NSI.dll
[0910/064521.205:ERROR:process_memory_win.cc(73)] ReadMemory at 0x7ffe88240000 of 64 bytes failed: Only part of a ReadProcessMemory or WriteProcessMemory request was completed. (0x12B)
[0910/064521.205:WARNING:pe_image_reader.cc(340)] could not read dos header from C:\WINDOWS\SYSTEM32\WINMMBASE.dll
[0910/064521.205:ERROR:process_memory_win.cc(73)] ReadMemory at 0x7ffe8bf80000 of 64 bytes failed: Only part of a ReadProcessMemory or WriteProcessMemory request was completed. (0x12B)
[0910/064521.205:WARNING:pe_image_reader.cc(340)] could not read dos header from C:\WINDOWS\System32\cfgmgr32.dll
[0910/064521.205:ERROR:process_memory_win.cc(73)] ReadMemory at 0x7ffe888c0000 of 64 bytes failed: Only part of a ReadProcessMemory or WriteProcessMemory request was completed. (0x12B)
[0910/064521.205:WARNING:pe_image_reader.cc(340)] could not read dos header from C:\WINDOWS\SYSTEM32\PROPSYS.dll
[0910/064521.205:ERROR:process_memory_win.cc(73)] ReadMemory at 0x7ffe8cd60000 of 64 bytes failed: Only part of a ReadProcessMemory or WriteProcessMemory request was completed. (0x12B)
[0910/064521.205:WARNING:pe_image_reader.cc(340)] could not read dos header from C:\WINDOWS\System32\shcore.dll
[0910/064521.205:ERROR:process_memory_win.cc(73)] ReadMemory at 0x7ffe8adf0000 of 64 bytes failed: Only part of a ReadProcessMemory or WriteProcessMemory request was completed. (0x12B)
[0910/064521.206:WARNING:pe_image_reader.cc(340)] could not read dos header from C:\WINDOWS\SYSTEM32\SSPICLI.DLL
[0910/064521.206:ERROR:process_memory_win.cc(73)] ReadMemory at 0x7ffe8a860000 of 64 bytes failed: Only part of a ReadProcessMemory or WriteProcessMemory request was completed. (0x12B)
[0910/064521.206:WARNING:pe_image_reader.cc(340)] could not read dos header from C:\WINDOWS\SYSTEM32\CRYPTBASE.DLL
[0910/064521.206:ERROR:process_memory_win.cc(73)] ReadMemory at 0x7ff7b2260000 of 64 bytes failed: Only part of a ReadProcessMemory or WriteProcessMemory request was completed. (0x12B)
[0910/064521.206:WARNING:pe_image_reader.cc(340)] could not read dos header from C:\Program Files (x86)\Google\Chrome\Application\chrome.exe
[0910/064521.206:ERROR:process_memory_win.cc(73)] ReadMemory at 0x7ffe8e020000 of 64 bytes failed: Only part of a ReadProcessMemory or WriteProcessMemory request was completed. (0x12B)
[0910/064521.206:WARNING:pe_image_reader.cc(340)] could not read dos header from C:\WINDOWS\SYSTEM32\ntdll.dll
[0910/064521.206:ERROR:process_memory_win.cc(73)] ReadMemory at 0x7ffe8d000000 of 64 bytes failed: Only part of a ReadProcessMemory or WriteProcessMemory request was completed. (0x12B)
[0910/064521.206:WARNING:pe_image_reader.cc(340)] could not read dos header from C:\WINDOWS\System32\KERNEL32.DLL
[0910/064521.206:ERROR:process_memory_win.cc(73)] ReadMemory at 0x7ffe8b990000 of 64 bytes failed: Only part of a ReadProcessMemory or WriteProcessMemory request was completed. (0x12B)
[0910/064521.206:WARNING:pe_image_reader.cc(340)] could not read dos header from C:\WINDOWS\System32\KERNELBASE.dll
[0910/064521.206:ERROR:process_memory_win.cc(73)] ReadMemory at 0x7ffe79570000 of 64 bytes failed: Only part of a ReadProcessMemory or WriteProcessMemory request was completed. (0x12B)
[0910/064521.206:WARNING:pe_image_reader.cc(340)] could not read dos header from C:\Program Files (x86)\Google\Chrome\Application\85.0.4183.83\chrome_elf.dll
[0910/064521.206:ERROR:process_memory_win.cc(73)] ReadMemory at 0x7ffe80660000 of 64 bytes failed: Only part of a ReadProcessMemory or WriteProcessMemory request was completed. (0x12B)
[0910/064521.206:WARNING:pe_image_reader.cc(340)] could not read dos header from C:\WINDOWS\SYSTEM32\VERSION.dll
[0910/064521.207:ERROR:process_memory_win.cc(73)] ReadMemory at 0x7ffe8cf60000 of 64 bytes failed: Only part of a ReadProcessMemory or WriteProcessMemory request was completed. (0x12B)
[0910/064521.207:WARNING:pe_image_reader.cc(340)] could not read dos header from C:\WINDOWS\System32\msvcrt.dll
[0910/064521.207:ERROR:process_memory_win.cc(73)] ReadMemory at 0x7ffe8bc40000 of 64 bytes failed: Only part of a ReadProcessMemory or WriteProcessMemory request was completed. (0x12B)
[0910/064521.207:WARNING:pe_image_reader.cc(340)] could not read dos header from C:\WINDOWS\System32\bcryptPrimitives.dll
[0910/064521.207:ERROR:process_memory_win.cc(73)] ReadMemory at 0x7ffe8df30000 of 64 bytes failed: Only part of a ReadProcessMemory or WriteProcessMemory request was completed. (0x12B)
[0910/064521.207:WARNING:pe_image_reader.cc(340)] could not read dos header from C:\WINDOWS\System32\ADVAPI32.dll
[0910/064521.207:ERROR:process_memory_win.cc(73)] ReadMemory at 0x7ffe8c240000 of 64 bytes failed: Only part of a ReadProcessMemory or WriteProcessMemory request was completed. (0x12B)
[0910/064521.207:WARNING:pe_image_reader.cc(340)] could not read dos header from C:\WINDOWS\System32\sechost.dll
[0910/064521.207:ERROR:process_memory_win.cc(73)] ReadMemory at 0x7ffe8cc40000 of 64 bytes failed: Only part of a ReadProcessMemory or WriteProcessMemory request was completed. (0x12B)
[0910/064521.207:WARNING:pe_image_reader.cc(340)] could not read dos header from C:\WINDOWS\System32\RPCRT4.dll
[0910/064521.207:ERROR:process_memory_win.cc(73)] ReadMemory at 0x7ffe34850000 of 64 bytes failed: Only part of a ReadProcessMemory or WriteProcessMemory request was completed. (0x12B)
[0910/064521.207:WARNING:pe_image_reader.cc(340)] could not read dos header from C:\Program Files (x86)\Google\Chrome\Application\85.0.4183.83\chrome.dll
[0910/064521.207:ERROR:process_memory_win.cc(73)] ReadMemory at 0x7ffe8cbd0000 of 64 bytes failed: Only part of a ReadProcessMemory or WriteProcessMemory request was completed. (0x12B)
[0910/064521.207:WARNING:pe_image_reader.cc(340)] could not read dos header from C:\WINDOWS\System32\WS2_32.dll
[0910/064521.207:ERROR:process_memory_win.cc(73)] ReadMemory at 0x7ffe8ca80000 of 64 bytes failed: Only part of a ReadProcessMemory or WriteProcessMemory request was completed. (0x12B)
[0910/064521.207:WARNING:pe_image_reader.cc(340)] could not read dos header from C:\WINDOWS\System32\OLEAUT32.dll
[0910/064521.207:ERROR:process_memory_win.cc(73)] ReadMemory at 0x7ffe8bce0000 of 64 bytes failed: Only part of a ReadProcessMemory or WriteProcessMemory request was completed. (0x12B)
[0910/064521.207:WARNING:pe_image_reader.cc(340)] could not read dos header from C:\WINDOWS\System32\msvcp_win.dll
[0910/064521.207:ERROR:process_memory_win.cc(73)] ReadMemory at 0x7ffe8bfd0000 of 64 bytes failed: Only part of a ReadProcessMemory or WriteProcessMemory request was completed. (0x12B)
[0910/064521.207:WARNING:pe_image_reader.cc(340)] could not read dos header from C:\WINDOWS\System32\ucrtbase.dll
[0910/064521.207:ERROR:process_memory_win.cc(73)] ReadMemory at 0x7ffe8d120000 of 64 bytes failed: Only part of a ReadProcessMemory or WriteProcessMemory request was completed. (0x12B)
[0910/064521.208:WARNING:pe_image_reader.cc(340)] could not read dos header from C:\WINDOWS\System32\combase.dll
[0910/064521.208:ERROR:process_memory_win.cc(73)] ReadMemory at 0x7ffe8b050000 of 64 bytes failed: Only part of a ReadProcessMemory or WriteProcessMemory request was completed. (0x12B)
[0910/064521.208:WARNING:pe_image_reader.cc(340)] could not read dos header from C:\WINDOWS\System32\WINTRUST.dll
[0910/064521.208:ERROR:process_memory_win.cc(73)] ReadMemory at 0x7ffe8af60000 of 64 bytes failed: Only part of a ReadProcessMemory or WriteProcessMemory request was completed. (0x12B)
[0910/064521.208:WARNING:pe_image_reader.cc(340)] could not read dos header from C:\WINDOWS\System32\MSASN1.dll
[0910/064521.208:ERROR:process_memory_win.cc(73)] ReadMemory at 0x7ffe8b840000 of 64 bytes failed: Only part of a ReadProcessMemory or WriteProcessMemory request was completed. (0x12B)
[0910/064521.208:WARNING:pe_image_reader.cc(340)] could not read dos header from C:\WINDOWS\System32\CRYPT32.dll
[0910/064521.208:ERROR:process_memory_win.cc(73)] ReadMemory at 0x7ffe8a400000 of 64 bytes failed: Only part of a ReadProcessMemory or WriteProcessMemory request was completed. (0x12B)
[0910/064521.208:WARNING:pe_image_reader.cc(340)] could not read dos header from C:\WINDOWS\SYSTEM32\IPHLPAPI.DLL
[0910/064521.208:ERROR:process_memory_win.cc(73)] ReadMemory at 0x7ffe88270000 of 64 bytes failed: Only part of a ReadProcessMemory or WriteProcessMemory request was completed. (0x12B)
[0910/064521.208:WARNING:pe_image_reader.cc(340)] could not read dos header from C:\WINDOWS\SYSTEM32\WINMM.dll
[0910/064521.208:ERROR:process_memory_win.cc(73)] ReadMemory at 0x7ffe53f90000 of 64 bytes failed: Only part of a ReadProcessMemory or WriteProcessMemory request was completed. (0x12B)
[0910/064521.208:WARNING:pe_image_reader.cc(340)] could not read dos header from C:\WINDOWS\SYSTEM32\UIAutomationCore.DLL
[0910/064521.208:ERROR:process_memory_win.cc(73)] ReadMemory at 0x7ffe73390000 of 64 bytes failed: Only part of a ReadProcessMemory or WriteProcessMemory request was completed. (0x12B)
[0910/064521.208:WARNING:pe_image_reader.cc(340)] could not read dos header from C:\WINDOWS\SYSTEM32\Secur32.dll
[0910/064521.208:ERROR:process_memory_win.cc(73)] ReadMemory at 0x7ffe8adc0000 of 64 bytes failed: Only part of a ReadProcessMemory or WriteProcessMemory request was completed. (0x12B)
[0910/064521.209:WARNING:pe_image_reader.cc(340)] could not read dos header from C:\WINDOWS\SYSTEM32\USERENV.dll
[0910/064521.209:ERROR:process_memory_win.cc(73)] ReadMemory at 0x7ffe8af30000 of 64 bytes failed: Only part of a ReadProcessMemory or WriteProcessMemory request was completed. (0x12B)
[0910/064521.209:WARNING:pe_image_reader.cc(340)] could not read dos header from C:\WINDOWS\System32\profapi.dll
[0910/064521.209:ERROR:process_memory_win.cc(73)] ReadMemory at 0x7ffe5fda0000 of 64 bytes failed: Only part of a ReadProcessMemory or WriteProcessMemory request was completed. (0x12B)
[0910/064521.209:WARNING:pe_image_reader.cc(340)] could not read dos header from C:\WINDOWS\SYSTEM32\DWrite.dll
[0910/064521.209:ERROR:process_memory_win.cc(73)] ReadMemory at 0x7ffe78190000 of 64 bytes failed: Only part of a ReadProcessMemory or WriteProcessMemory request was completed. (0x12B)
[0910/064521.209:WARNING:pe_image_reader.cc(340)] could not read dos header from C:\WINDOWS\SYSTEM32\WINSPOOL.DRV
[0910/064521.209:ERROR:process_memory_win.cc(73)] ReadMemory at 0x7ffe8af80000 of 64 bytes failed: Only part of a ReadProcessMemory or WriteProcessMemory request was completed. (0x12B)
[0910/064521.209:WARNING:pe_image_reader.cc(340)] could not read dos header from C:\WINDOWS\System32\kernel.appcore.dll
[0910/064521.209:ERROR:process_memory_win.cc(73)] ReadMemory at 0x7ffe8bd80000 of 64 bytes failed: Only part of a ReadProcessMemory or WriteProcessMemory request was completed. (0x12B)
[0910/064521.209:WARNING:pe_image_reader.cc(340)] could not read dos header from C:\WINDOWS\System32\bcrypt.dll
[0910/064521.209:ERROR:process_memory_win.cc(73)] ReadMemory at 0x7ffe89a10000 of 64 bytes failed: Only part of a ReadProcessMemory or WriteProcessMemory request was completed. (0x12B)
[0910/064521.209:WARNING:pe_image_reader.cc(340)] could not read dos header from C:\WINDOWS\SYSTEM32\dbghelp.dll
[0910/064521.210:ERROR:process_memory_win.cc(73)] ReadMemory at 0x7ffe77420000 of 64 bytes failed: Only part of a ReadProcessMemory or WriteProcessMemory request was completed. (0x12B)
[0910/064521.210:WARNING:pe_image_reader.cc(340)] could not read dos header from C:\WINDOWS\SYSTEM32\WINHTTP.dll
[0910/064521.210:ERROR:process_memory_win.cc(73)] ReadMemory at 0x7ffe81790000 of 64 bytes failed: Only part of a ReadProcessMemory or WriteProcessMemory request was completed. (0x12B)
[0910/064521.210:WARNING:pe_image_reader.cc(340)] could not read dos header from C:\WINDOWS\SYSTEM32\dhcpcsvc.DLL
[0910/064521.210:ERROR:process_memory_win.cc(73)] ReadMemory at 0x7ffe8cf50000 of 64 bytes failed: Only part of a ReadProcessMemory or WriteProcessMemory request was completed. (0x12B)
[0910/064521.210:WARNING:pe_image_reader.cc(340)] could not read dos header from C:\WINDOWS\System32\NSI.dll
[0910/064521.210:ERROR:process_memory_win.cc(73)] ReadMemory at 0x7ffe88240000 of 64 bytes failed: Only part of a ReadProcessMemory or WriteProcessMemory request was completed. (0x12B)
[0910/064521.210:WARNING:pe_image_reader.cc(340)] could not read dos header from C:\WINDOWS\SYSTEM32\WINMMBASE.dll
[0910/064521.210:ERROR:process_memory_win.cc(73)] ReadMemory at 0x7ffe8bf80000 of 64 bytes failed: Only part of a ReadProcessMemory or WriteProcessMemory request was completed. (0x12B)
[0910/064521.210:WARNING:pe_image_reader.cc(340)] could not read dos header from C:\WINDOWS\System32\cfgmgr32.dll
[0910/064521.210:ERROR:process_memory_win.cc(73)] ReadMemory at 0x7ffe888c0000 of 64 bytes failed: Only part of a ReadProcessMemory or WriteProcessMemory request was completed. (0x12B)
[0910/064521.211:WARNING:pe_image_reader.cc(340)] could not read dos header from C:\WINDOWS\SYSTEM32\PROPSYS.dll
[0910/064521.211:ERROR:process_memory_win.cc(73)] ReadMemory at 0x7ffe8cd60000 of 64 bytes failed: Only part of a ReadProcessMemory or WriteProcessMemory request was completed. (0x12B)
[0910/064521.211:WARNING:pe_image_reader.cc(340)] could not read dos header from C:\WINDOWS\System32\shcore.dll
[0910/064521.211:ERROR:process_memory_win.cc(73)] ReadMemory at 0x7ffe8adf0000 of 64 bytes failed: Only part of a ReadProcessMemory or WriteProcessMemory request was completed. (0x12B)
[0910/064521.211:WARNING:pe_image_reader.cc(340)] could not read dos header from C:\WINDOWS\SYSTEM32\SSPICLI.DLL
[0910/064521.211:ERROR:process_memory_win.cc(73)] ReadMemory at 0x7ffe8a860000 of 64 bytes failed: Only part of a ReadProcessMemory or WriteProcessMemory request was completed. (0x12B)
[0910/064521.211:WARNING:pe_image_reader.cc(340)] could not read dos header from C:\WINDOWS\SYSTEM32\CRYPTBASE.DLL
[0910/064521.217:ERROR:process_memory_win.cc(73)] ReadMemory at 0x8368bdf000 of 135168 bytes failed: Only part of a ReadProcessMemory or WriteProcessMemory request was completed. (0x12B)
[0910/064521.217:ERROR:process_memory_win.cc(73)] ReadMemory at 0x83693fd000 of 12288 bytes failed: Only part of a ReadProcessMemory or WriteProcessMemory request was completed. (0x12B)
[0910/064521.217:ERROR:process_memory_win.cc(73)] ReadMemory at 0x8369bfd000 of 12288 bytes failed: Only part of a ReadProcessMemory or WriteProcessMemory request was completed. (0x12B)
[0910/064521.218:ERROR:process_memory_win.cc(73)] ReadMemory at 0x836a3fc000 of 16384 bytes failed: Only part of a ReadProcessMemory or WriteProcessMemory request was completed. (0x12B)
[0910/064521.218:ERROR:process_memory_win.cc(73)] ReadMemory at 0x836abfb000 of 20480 bytes failed: Only part of a ReadProcessMemory or WriteProcessMemory request was completed. (0x12B)
[0910/064521.218:ERROR:process_memory_win.cc(73)] ReadMemory at 0x836b3fe000 of 8192 bytes failed: Only part of a ReadProcessMemory or WriteProcessMemory request was completed. (0x12B)
[0910/064521.218:ERROR:process_memory_win.cc(73)] ReadMemory at 0x836bbfd000 of 12288 bytes failed: Only part of a ReadProcessMemory or WriteProcessMemory request was completed. (0x12B)
[0910/064521.218:ERROR:process_memory_win.cc(73)] ReadMemory at 0x836c3fc000 of 16384 bytes failed: Only part of a ReadProcessMemory or WriteProcessMemory request was completed. (0x12B)
[0910/064521.218:ERROR:process_memory_win.cc(73)] ReadMemory at 0x836cbfd000 of 12288 bytes failed: Only part of a ReadProcessMemory or WriteProcessMemory request was completed. (0x12B)
[0910/064521.218:ERROR:process_memory_win.cc(73)] ReadMemory at 0x836d3fb000 of 20480 bytes failed: Only part of a ReadProcessMemory or WriteProcessMemory request was completed. (0x12B)
[0910/064521.219:ERROR:process_memory_win.cc(73)] ReadMemory at 0x836dbfb000 of 20480 bytes failed: Only part of a ReadProcessMemory or WriteProcessMemory request was completed. (0x12B)
[0910/064521.219:ERROR:process_memory_win.cc(73)] ReadMemory at 0x836e3fd000 of 12288 bytes failed: Only part of a ReadProcessMemory or WriteProcessMemory request was completed. (0x12B)
[0910/064521.219:ERROR:process_memory_win.cc(73)] ReadMemory at 0x836f3fd000 of 12288 bytes failed: Only part of a ReadProcessMemory or WriteProcessMemory request was completed. (0x12B)
[0910/064521.219:ERROR:process_memory_win.cc(73)] ReadMemory at 0x836fbfd000 of 12288 bytes failed: Only part of a ReadProcessMemory or WriteProcessMemory request was completed. (0x12B)
[0910/064521.219:ERROR:process_memory_win.cc(73)] ReadMemory at 0x8368285000 of 852 bytes failed: Only part of a ReadProcessMemory or WriteProcessMemory request was completed. (0x12B)
[0910/064521.219:ERROR:process_memory_win.cc(73)] ReadMemory at 0x8368286000 of 6024 bytes failed: Only part of a ReadProcessMemory or WriteProcessMemory request was completed. (0x12B)
[0910/064521.220:ERROR:process_memory_win.cc(73)] ReadMemory at 0x8368288000 of 6024 bytes failed: Only part of a ReadProcessMemory or WriteProcessMemory request was completed. (0x12B)
[0910/064521.220:ERROR:process_memory_win.cc(73)] ReadMemory at 0x836828a000 of 6024 bytes failed: Only part of a ReadProcessMemory or WriteProcessMemory request was completed. (0x12B)
[0910/064521.220:ERROR:process_memory_win.cc(73)] ReadMemory at 0x836828c000 of 6024 bytes failed: Only part of a ReadProcessMemory or WriteProcessMemory request was completed. (0x12B)
[0910/064521.220:ERROR:process_memory_win.cc(73)] ReadMemory at 0x836828e000 of 6024 bytes failed: Only part of a ReadProcessMemory or WriteProcessMemory request was completed. (0x12B)
[0910/064521.220:ERROR:process_memory_win.cc(73)] ReadMemory at 0x8368290000 of 6024 bytes failed: Only part of a ReadProcessMemory or WriteProcessMemory request was completed. (0x12B)
[0910/064521.220:ERROR:process_memory_win.cc(73)] ReadMemory at 0x8368292000 of 6024 bytes failed: Only part of a ReadProcessMemory or WriteProcessMemory request was completed. (0x12B)
[0910/064521.221:ERROR:process_memory_win.cc(73)] ReadMemory at 0x8368294000 of 6024 bytes failed: Only part of a ReadProcessMemory or WriteProcessMemory request was completed. (0x12B)
[0910/064521.221:ERROR:process_memory_win.cc(73)] ReadMemory at 0x8368296000 of 6024 bytes failed: Only part of a ReadProcessMemory or WriteProcessMemory request was completed. (0x12B)
[0910/064521.221:ERROR:process_memory_win.cc(73)] ReadMemory at 0x8368298000 of 6024 bytes failed: Only part of a ReadProcessMemory or WriteProcessMemory request was completed. (0x12B)
[0910/064521.221:ERROR:process_memory_win.cc(73)] ReadMemory at 0x836829a000 of 6024 bytes failed: Only part of a ReadProcessMemory or WriteProcessMemory request was completed. (0x12B)
[0910/064521.221:ERROR:process_memory_win.cc(73)] ReadMemory at 0x836829c000 of 6024 bytes failed: Only part of a ReadProcessMemory or WriteProcessMemory request was completed. (0x12B)
[0910/064521.221:ERROR:process_memory_win.cc(73)] ReadMemory at 0x83682a0000 of 6024 bytes failed: Only part of a ReadProcessMemory or WriteProcessMemory request was completed. (0x12B)
[0910/064521.221:ERROR:process_memory_win.cc(73)] ReadMemory at 0x83682a2000 of 6024 bytes failed: Only part of a ReadProcessMemory or WriteProcessMemory request was completed. (0x12B)
[0910/064521.221:ERROR:process_memory_win.cc(73)] ReadMemory at 0x22f58271480 of 896 bytes failed: Only part of a ReadProcessMemory or WriteProcessMemory request was completed. (0x12B)
[0910/064521.221:ERROR:process_memory_win.cc(73)] ReadMemory at 0x22f582f0fe0 of 8626 bytes failed: Only part of a ReadProcessMemory or WriteProcessMemory request was completed. (0x12B)
[0910/064521.221:ERROR:process_memory_win.cc(73)] ReadMemory at 0x22f582f31a0 of 1012 bytes failed: Only part of a ReadProcessMemory or WriteProcessMemory request was completed. (0x12B)
[0910/064521.222:ERROR:process_memory_win.cc(73)] ReadMemory at 0x22f582f37e8 of 118 bytes failed: Only part of a ReadProcessMemory or WriteProcessMemory request was completed. (0x12B)
[0910/064521.222:ERROR:process_memory_win.cc(73)] ReadMemory at 0x22f582f3860 of 1140 bytes failed: Only part of a ReadProcessMemory or WriteProcessMemory request was completed. (0x12B)
[0910/064521.222:ERROR:process_memory_win.cc(73)] ReadMemory at 0x22f582f3cd6 of 118 bytes failed: Only part of a ReadProcessMemory or WriteProcessMemory request was completed. (0x12B)
[0910/064521.222:ERROR:process_memory_win.cc(73)] ReadMemory at 0x22f582f3d4e of 100 bytes failed: Only part of a ReadProcessMemory or WriteProcessMemory request was completed. (0x12B)
[0910/064521.222:ERROR:process_memory_win.cc(73)] ReadMemory at 0x22f582f3dc0 of 58 bytes failed: Only part of a ReadProcessMemory or WriteProcessMemory request was completed. (0x12B)
[0910/064521.222:ERROR:process_memory_win.cc(73)] ReadMemory at 0x22f582f3ec0 of 132 bytes failed: Only part of a ReadProcessMemory or WriteProcessMemory request was completed. (0x12B)
[0910/064521.222:ERROR:process_memory_win.cc(73)] ReadMemory at 0x22f582f4050 of 132 bytes failed: Only part of a ReadProcessMemory or WriteProcessMemory request was completed. (0x12B)
[0910/064521.222:ERROR:process_memory_win.cc(73)] ReadMemory at 0x22f582f4210 of 124 bytes failed: Only part of a ReadProcessMemory or WriteProcessMemory request was completed. (0x12B)
[0910/064521.223:ERROR:process_memory_win.cc(73)] ReadMemory at 0x22f582f45f0 of 132 bytes failed: Only part of a ReadProcessMemory or WriteProcessMemory request was completed. (0x12B)
[0910/064521.223:ERROR:process_memory_win.cc(73)] ReadMemory at 0x22f582f4780 of 64 bytes failed: Only part of a ReadProcessMemory or WriteProcessMemory request was completed. (0x12B)
[0910/064521.223:ERROR:process_memory_win.cc(73)] ReadMemory at 0x22f582f47d0 of 132 bytes failed: Only part of a ReadProcessMemory or WriteProcessMemory request was completed. (0x12B)
[0910/064521.223:ERROR:process_memory_win.cc(73)] ReadMemory at 0x22f582f4be0 of 132 bytes failed: Only part of a ReadProcessMemory or WriteProcessMemory request was completed. (0x12B)
[0910/064521.223:ERROR:process_memory_win.cc(73)] ReadMemory at 0x22f582f4d70 of 68 bytes failed: Only part of a ReadProcessMemory or WriteProcessMemory request was completed. (0x12B)
[0910/064521.223:ERROR:process_memory_win.cc(73)] ReadMemory at 0x22f582f5fd0 of 132 bytes failed: Only part of a ReadProcessMemory or WriteProcessMemory request was completed. (0x12B)
[0910/064521.223:ERROR:process_memory_win.cc(73)] ReadMemory at 0x22f582f6100 of 152 bytes failed: Only part of a ReadProcessMemory or WriteProcessMemory request was completed. (0x12B)
[0910/064521.224:ERROR:process_memory_win.cc(73)] ReadMemory at 0x22f582fa890 of 62 bytes failed: Only part of a ReadProcessMemory or WriteProcessMemory request was completed. (0x12B)
[0910/064521.224:ERROR:process_memory_win.cc(73)] ReadMemory at 0x22f582fa9c0 of 132 bytes failed: Only part of a ReadProcessMemory or WriteProcessMemory request was completed. (0x12B)
[0910/064521.224:ERROR:process_memory_win.cc(73)] ReadMemory at 0x22f582fab50 of 60 bytes failed: Only part of a ReadProcessMemory or WriteProcessMemory request was completed. (0x12B)
[0910/064521.224:ERROR:process_memory_win.cc(73)] ReadMemory at 0x22f582ff530 of 54 bytes failed: Only part of a ReadProcessMemory or WriteProcessMemory request was completed. (0x12B)
[0910/064521.224:ERROR:process_memory_win.cc(73)] ReadMemory at 0x22f58300c40 of 62 bytes failed: Only part of a ReadProcessMemory or WriteProcessMemory request was completed. (0x12B)
[0910/064521.224:ERROR:process_memory_win.cc(73)] ReadMemory at 0x22f58301680 of 80 bytes failed: Only part of a ReadProcessMemory or WriteProcessMemory request was completed. (0x12B)
[0910/064521.224:ERROR:process_memory_win.cc(73)] ReadMemory at 0x22f5830184a of 512 bytes failed: Only part of a ReadProcessMemory or WriteProcessMemory request was completed. (0x12B)
[0910/064521.224:ERROR:process_memory_win.cc(73)] ReadMemory at 0x22f58305ed0 of 132 bytes failed: Only part of a ReadProcessMemory or WriteProcessMemory request was completed. (0x12B)
[0910/064521.224:ERROR:process_memory_win.cc(73)] ReadMemory at 0x22f58306750 of 64 bytes failed: Only part of a ReadProcessMemory or WriteProcessMemory request was completed. (0x12B)
[0910/064521.225:ERROR:process_memory_win.cc(73)] ReadMemory at 0x22f583067a0 of 62 bytes failed: Only part of a ReadProcessMemory or WriteProcessMemory request was completed. (0x12B)
[0910/064521.225:ERROR:process_memory_win.cc(73)] ReadMemory at 0x22f58306840 of 60 bytes failed: Only part of a ReadProcessMemory or WriteProcessMemory request was completed. (0x12B)
[0910/064521.225:ERROR:process_memory_win.cc(73)] ReadMemory at 0x22f58306890 of 60 bytes failed: Only part of a ReadProcessMemory or WriteProcessMemory request was completed. (0x12B)
[0910/064521.225:ERROR:process_memory_win.cc(73)] ReadMemory at 0x22f583068e0 of 60 bytes failed: Only part of a ReadProcessMemory or WriteProcessMemory request was completed. (0x12B)
[0910/064521.225:ERROR:process_memory_win.cc(73)] ReadMemory at 0x22f58306930 of 62 bytes failed: Only part of a ReadProcessMemory or WriteProcessMemory request was completed. (0x12B)
[0910/064521.226:ERROR:process_memory_win.cc(73)] ReadMemory at 0x22f583069d0 of 64 bytes failed: Only part of a ReadProcessMemory or WriteProcessMemory request was completed. (0x12B)
[0910/064521.226:ERROR:process_memory_win.cc(73)] ReadMemory at 0x22f58306a20 of 66 bytes failed: Only part of a ReadProcessMemory or WriteProcessMemory request was completed. (0x12B)
[0910/064521.226:ERROR:process_memory_win.cc(73)] ReadMemory at 0x22f58306ac0 of 58 bytes failed: Only part of a ReadProcessMemory or WriteProcessMemory request was completed. (0x12B)
[0910/064521.226:ERROR:process_memory_win.cc(73)] ReadMemory at 0x22f58306b10 of 64 bytes failed: Only part of a ReadProcessMemory or WriteProcessMemory request was completed. (0x12B)
[0910/064521.226:ERROR:process_memory_win.cc(73)] ReadMemory at 0x22f58306b60 of 62 bytes failed: Only part of a ReadProcessMemory or WriteProcessMemory request was completed. (0x12B)
[0910/064521.226:ERROR:process_memory_win.cc(73)] ReadMemory at 0x22f58306c00 of 62 bytes failed: Only part of a ReadProcessMemory or WriteProcessMemory request was completed. (0x12B)
[0910/064521.226:ERROR:process_memory_win.cc(73)] ReadMemory at 0x22f58306d40 of 60 bytes failed: Only part of a ReadProcessMemory or WriteProcessMemory request was completed. (0x12B)
[0910/064521.226:ERROR:process_memory_win.cc(73)] ReadMemory at 0x22f58306f20 of 62 bytes failed: Only part of a ReadProcessMemory or WriteProcessMemory request was completed. (0x12B)
[0910/064521.226:ERROR:process_memory_win.cc(73)] ReadMemory at 0x22f58306fc0 of 64 bytes failed: Only part of a ReadProcessMemory or WriteProcessMemory request was completed. (0x12B)
[0910/064521.227:ERROR:process_memory_win.cc(73)] ReadMemory at 0x22f58307010 of 62 bytes failed: Only part of a ReadProcessMemory or WriteProcessMemory request was completed. (0x12B)
[0910/064521.227:ERROR:process_memory_win.cc(73)] ReadMemory at 0x22f58307150 of 64 bytes failed: Only part of a ReadProcessMemory or WriteProcessMemory request was completed. (0x12B)
[0910/064521.227:ERROR:process_memory_win.cc(73)] ReadMemory at 0x22f583071f0 of 60 bytes failed: Only part of a ReadProcessMemory or WriteProcessMemory request was completed. (0x12B)
[0910/064521.227:ERROR:process_memory_win.cc(73)] ReadMemory at 0x22f58307290 of 62 bytes failed: Only part of a ReadProcessMemory or WriteProcessMemory request was completed. (0x12B)
[0910/064521.227:ERROR:process_memory_win.cc(73)] ReadMemory at 0x22f583072e0 of 62 bytes failed: Only part of a ReadProcessMemory or WriteProcessMemory request was completed. (0x12B)
[0910/064521.227:ERROR:process_memory_win.cc(73)] ReadMemory at 0x22f583073d0 of 64 bytes failed: Only part of a ReadProcessMemory or WriteProcessMemory request was completed. (0x12B)
[0910/064521.227:ERROR:process_memory_win.cc(73)] ReadMemory at 0x22f58307470 of 64 bytes failed: Only part of a ReadProcessMemory or WriteProcessMemory request was completed. (0x12B)
[0910/064521.227:ERROR:process_memory_win.cc(73)] ReadMemory at 0x22f583074c0 of 62 bytes failed: Only part of a ReadProcessMemory or WriteProcessMemory request was completed. (0x12B)
[0910/064521.227:ERROR:process_memory_win.cc(73)] ReadMemory at 0x22f58307560 of 60 bytes failed: Only part of a ReadProcessMemory or WriteProcessMemory request was completed. (0x12B)
[0910/064521.227:ERROR:process_memory_win.cc(73)] ReadMemory at 0x22f58307600 of 64 bytes failed: Only part of a ReadProcessMemory or WriteProcessMemory request was completed. (0x12B)
[0910/064521.227:ERROR:process_memory_win.cc(73)] ReadMemory at 0x22f58307650 of 66 bytes failed: Only part of a ReadProcessMemory or WriteProcessMemory request was completed. (0x12B)
[0910/064521.227:ERROR:process_memory_win.cc(73)] ReadMemory at 0x22f58307920 of 144 bytes failed: Only part of a ReadProcessMemory or WriteProcessMemory request was completed. (0x12B)
[0910/064521.228:ERROR:process_memory_win.cc(73)] ReadMemory at 0x22f58307fa0 of 132 bytes failed: Only part of a ReadProcessMemory or WriteProcessMemory request was completed. (0x12B)
[0910/064521.228:ERROR:process_memory_win.cc(73)] ReadMemory at 0x22f58308170 of 132 bytes failed: Only part of a ReadProcessMemory or WriteProcessMemory request was completed. (0x12B)
[0910/064521.228:ERROR:process_memory_win.cc(73)] ReadMemory at 0x22f5830a170 of 132 bytes failed: Only part of a ReadProcessMemory or WriteProcessMemory request was completed. (0x12B)
[0910/064521.228:ERROR:process_memory_win.cc(73)] ReadMemory at 0x22f5830a2a0 of 132 bytes failed: Only part of a ReadProcessMemory or WriteProcessMemory request was completed. (0x12B)
[0910/064521.228:ERROR:process_memory_win.cc(73)] ReadMemory at 0x22f5830a3d0 of 132 bytes failed: Only part of a ReadProcessMemory or WriteProcessMemory request was completed. (0x12B)
[0910/064521.228:ERROR:process_memory_win.cc(73)] ReadMemory at 0x22f5830a500 of 132 bytes failed: Only part of a ReadProcessMemory or WriteProcessMemory request was completed. (0x12B)
[0910/064521.228:ERROR:process_memory_win.cc(73)] ReadMemory at 0x22f5830a630 of 132 bytes failed: Only part of a ReadProcessMemory or WriteProcessMemory request was completed. (0x12B)
[0910/064521.228:ERROR:process_memory_win.cc(73)] ReadMemory at 0x22f5830a760 of 132 bytes failed: Only part of a ReadProcessMemory or WriteProcessMemory request was completed. (0x12B)
[0910/064521.228:ERROR:process_memory_win.cc(73)] ReadMemory at 0x22f5830aa20 of 132 bytes failed: Only part of a ReadProcessMemory or WriteProcessMemory request was completed. (0x12B)
[0910/064521.228:ERROR:process_memory_win.cc(73)] ReadMemory at 0x22f5830ac40 of 132 bytes failed: Only part of a ReadProcessMemory or WriteProcessMemory request was completed. (0x12B)
[0910/064521.228:ERROR:process_memory_win.cc(73)] ReadMemory at 0x22f5830d4d0 of 132 bytes failed: Only part of a ReadProcessMemory or WriteProcessMemory request was completed. (0x12B)
[0910/064521.229:ERROR:process_memory_win.cc(73)] ReadMemory at 0x22f5830e050 of 132 bytes failed: Only part of a ReadProcessMemory or WriteProcessMemory request was completed. (0x12B)
[0910/064521.229:ERROR:process_memory_win.cc(73)] ReadMemory at 0x22f58310ab0 of 132 bytes failed: Only part of a ReadProcessMemory or WriteProcessMemory request was completed. (0x12B)
[0910/064521.229:ERROR:process_memory_win.cc(73)] ReadMemory at 0x22f58312280 of 132 bytes failed: Only part of a ReadProcessMemory or WriteProcessMemory request was completed. (0x12B)
[0910/064521.229:ERROR:process_memory_win.cc(73)] ReadMemory at 0x22f58314e60 of 132 bytes failed: Only part of a ReadProcessMemory or WriteProcessMemory request was completed. (0x12B)
[0910/064521.229:ERROR:process_memory_win.cc(73)] ReadMemory at 0x22f58314f90 of 132 bytes failed: Only part of a ReadProcessMemory or WriteProcessMemory request was completed. (0x12B)
[0910/064521.229:ERROR:process_memory_win.cc(73)] ReadMemory at 0x22f583150c0 of 132 bytes failed: Only part of a ReadProcessMemory or WriteProcessMemory request was completed. (0x12B)
[0910/064521.229:ERROR:process_memory_win.cc(73)] ReadMemory at 0x22f58315450 of 132 bytes failed: Only part of a ReadProcessMemory or WriteProcessMemory request was completed. (0x12B)
[0910/064521.229:ERROR:process_memory_win.cc(73)] ReadMemory at 0x22f583156b0 of 132 bytes failed: Only part of a ReadProcessMemory or WriteProcessMemory request was completed. (0x12B)
[0910/064521.229:ERROR:process_memory_win.cc(73)] ReadMemory at 0x22f583157e0 of 132 bytes failed: Only part of a ReadProcessMemory or WriteProcessMemory request was completed. (0x12B)
[0910/064521.229:ERROR:process_memory_win.cc(73)] ReadMemory at 0x22f58315910 of 132 bytes failed: Only part of a ReadProcessMemory or WriteProcessMemory request was completed. (0x12B)
[0910/064521.230:ERROR:process_memory_win.cc(73)] ReadMemory at 0x22f58315b70 of 132 bytes failed: Only part of a ReadProcessMemory or WriteProcessMemory request was completed. (0x12B)
[0910/064521.230:ERROR:process_memory_win.cc(73)] ReadMemory at 0x22f58315f00 of 132 bytes failed: Only part of a ReadProcessMemory or WriteProcessMemory request was completed. (0x12B)
[0910/064521.230:ERROR:process_memory_win.cc(73)] ReadMemory at 0x22f58316030 of 132 bytes failed: Only part of a ReadProcessMemory or WriteProcessMemory request was completed. (0x12B)
[0910/064521.230:ERROR:process_memory_win.cc(73)] ReadMemory at 0x22f58316160 of 132 bytes failed: Only part of a ReadProcessMemory or WriteProcessMemory request was completed. (0x12B)
[0910/064521.230:ERROR:process_memory_win.cc(73)] ReadMemory at 0x22f58316290 of 132 bytes failed: Only part of a ReadProcessMemory or WriteProcessMemory request was completed. (0x12B)
[0910/064521.230:ERROR:process_memory_win.cc(73)] ReadMemory at 0x22f583163c0 of 132 bytes failed: Only part of a ReadProcessMemory or WriteProcessMemory request was completed. (0x12B)
[0910/064521.230:ERROR:process_memory_win.cc(73)] ReadMemory at 0x22f58316620 of 132 bytes failed: Only part of a ReadProcessMemory or WriteProcessMemory request was completed. (0x12B)
[0910/064521.230:ERROR:process_memory_win.cc(73)] ReadMemory at 0x22f58316880 of 132 bytes failed: Only part of a ReadProcessMemory or WriteProcessMemory request was completed. (0x12B)
[0910/064521.230:ERROR:process_memory_win.cc(73)] ReadMemory at 0x22f58316ae0 of 132 bytes failed: Only part of a ReadProcessMemory or WriteProcessMemory request was completed. (0x12B)
[0910/064521.230:ERROR:process_memory_win.cc(73)] ReadMemory at 0x22f58316c10 of 132 bytes failed: Only part of a ReadProcessMemory or WriteProcessMemory request was completed. (0x12B)
[0910/064521.230:ERROR:process_memory_win.cc(73)] ReadMemory at 0x22f58317c30 of 76 bytes failed: Only part of a ReadProcessMemory or WriteProcessMemory request was completed. (0x12B)
[0910/064521.230:ERROR:process_memory_win.cc(73)] ReadMemory at 0x22f58317e10 of 80 bytes failed: Only part of a ReadProcessMemory or WriteProcessMemory request was completed. (0x12B)
[0910/064521.230:ERROR:process_memory_win.cc(73)] ReadMemory at 0x22f583276a0 of 512 bytes failed: Only part of a ReadProcessMemory or WriteProcessMemory request was completed. (0x12B)
[0910/064521.231:ERROR:process_memory_win.cc(73)] ReadMemory at 0x22f58360e60 of 512 bytes failed: Only part of a ReadProcessMemory or WriteProcessMemory request was completed. (0x12B)
[0910/064521.231:ERROR:process_memory_win.cc(73)] ReadMemory at 0x22f583612e0 of 512 bytes failed: Only part of a ReadProcessMemory or WriteProcessMemory request was completed. (0x12B)
[0910/064521.231:ERROR:process_memory_win.cc(73)] ReadMemory at 0x22f58381640 of 512 bytes failed: Only part of a ReadProcessMemory or WriteProcessMemory request was completed. (0x12B)
[0910/064521.231:ERROR:process_memory_win.cc(73)] ReadMemory at 0x22f58385190 of 512 bytes failed: Only part of a ReadProcessMemory or WriteProcessMemory request was completed. (0x12B)
[0910/064521.231:ERROR:process_memory_win.cc(73)] ReadMemory at 0x22f58387a70 of 512 bytes failed: Only part of a ReadProcessMemory or WriteProcessMemory request was completed. (0x12B)
[0910/064521.231:ERROR:process_memory_win.cc(73)] ReadMemory at 0x22f58388450 of 712 bytes failed: Only part of a ReadProcessMemory or WriteProcessMemory request was completed. (0x12B)
[0910/064521.231:ERROR:process_memory_win.cc(73)] ReadMemory at 0x22f5838b430 of 512 bytes failed: Only part of a ReadProcessMemory or WriteProcessMemory request was completed. (0x12B)
[0910/064521.231:ERROR:process_memory_win.cc(73)] ReadMemory at 0x22f583a03a0 of 512 bytes failed: Only part of a ReadProcessMemory or WriteProcessMemory request was completed. (0x12B)
[0910/064521.231:ERROR:process_memory_win.cc(73)] ReadMemory at 0x22f583cea70 of 512 bytes failed: Only part of a ReadProcessMemory or WriteProcessMemory request was completed. (0x12B)
[0910/064521.231:ERROR:process_memory_win.cc(73)] ReadMemory at 0x22f59b40000 of 384 bytes failed: Only part of a ReadProcessMemory or WriteProcessMemory request was completed. (0x12B)
[0910/064521.231:ERROR:process_memory_win.cc(73)] ReadMemory at 0x22f59b44600 of 512 bytes failed: Only part of a ReadProcessMemory or WriteProcessMemory request was completed. (0x12B)
[0910/064521.231:ERROR:process_memory_win.cc(73)] ReadMemory at 0x22f59b9c012 of 722 bytes failed: Only part of a ReadProcessMemory or WriteProcessMemory request was completed. (0x12B)
[0910/064521.232:ERROR:process_memory_win.cc(73)] ReadMemory at 0x22f59c0f1b0 of 512 bytes failed: Only part of a ReadProcessMemory or WriteProcessMemory request was completed. (0x12B)
[0910/064521.232:ERROR:process_memory_win.cc(73)] ReadMemory at 0x22f59c112c0 of 512 bytes failed: Only part of a ReadProcessMemory or WriteProcessMemory request was completed. (0x12B)
[0910/064521.232:ERROR:process_memory_win.cc(73)] ReadMemory at 0x22f59f06f70 of 512 bytes failed: Only part of a ReadProcessMemory or WriteProcessMemory request was completed. (0x12B)
[0910/064521.232:ERROR:process_memory_win.cc(73)] ReadMemory at 0x22f59f47210 of 512 bytes failed: Only part of a ReadProcessMemory or WriteProcessMemory request was completed. (0x12B)
[0910/064521.233:ERROR:process_memory_win.cc(73)] ReadMemory at 0x22f5a2fbbf8 of 512 bytes failed: Only part of a ReadProcessMemory or WriteProcessMemory request was completed. (0x12B)
[0910/064521.233:ERROR:process_memory_win.cc(73)] ReadMemory at 0x375a6bc481c8 of 512 bytes failed: Only part of a ReadProcessMemory or WriteProcessMemory request was completed. (0x12B)
[0910/064521.233:ERROR:process_memory_win.cc(73)] ReadMemory at 0x7ffe368796a4 of 512 bytes failed: Only part of a ReadProcessMemory or WriteProcessMemory request was completed. (0x12B)
[0910/064521.233:ERROR:process_memory_win.cc(73)] ReadMemory at 0x7ffe8b9ca699 of 512 bytes failed: Only part of a ReadProcessMemory or WriteProcessMemory request was completed. (0x12B)
[0910/064521.233:ERROR:process_memory_win.cc(73)] ReadMemory at 0x7ffe8bbfc6d0 of 512 bytes failed: Only part of a ReadProcessMemory or WriteProcessMemory request was completed. (0x12B)
[0910/064521.233:ERROR:process_memory_win.cc(73)] ReadMemory at 0x7ffe8d021f80 of 512 bytes failed: Only part of a ReadProcessMemory or WriteProcessMemory request was completed. (0x12B)
[0910/064521.233:ERROR:process_memory_win.cc(73)] ReadMemory at 0x7ffe8e0bc074 of 672 bytes failed: Only part of a ReadProcessMemory or WriteProcessMemory request was completed. (0x12B)
[0910/064521.233:ERROR:process_memory_win.cc(73)] ReadMemory at 0x7ffe8e0bc674 of 512 bytes failed: Only part of a ReadProcessMemory or WriteProcessMemory request was completed. (0x12B)
[0910/064521.233:ERROR:process_memory_win.cc(73)] ReadMemory at 0x7ffe8e0bf924 of 608 bytes failed: Only part of a ReadProcessMemory or WriteProcessMemory request was completed. (0x12B)
[0910/064521.233:ERROR:process_memory_win.cc(73)] ReadMemory at 0x7ffe8e14c428 of 18 bytes failed: Only part of a ReadProcessMemory or WriteProcessMemory request was completed. (0x12B)
[0910/064521.233:ERROR:process_memory_win.cc(73)] ReadMemory at 0x7ffe8e17f4f8 of 40 bytes failed: Only part of a ReadProcessMemory or WriteProcessMemory request was completed. (0x12B)
[0910/064521.233:ERROR:process_memory_win.cc(73)] ReadMemory at 0x7ffe8e17f978 of 48 bytes failed: Only part of a ReadProcessMemory or WriteProcessMemory request was completed. (0x12B)
[0910/064521.233:ERROR:process_memory_win.cc(73)] ReadMemory at 0x7ffe8e1853c0 of 64 bytes failed: Only part of a ReadProcessMemory or WriteProcessMemory request was completed. (0x12B)
[0910/064521.236:ERROR:scoped_process_suspend.cc(40)] NtResumeProcess: An attempt was made to access an exiting process. (0xc000010a)
